# JRE version: OpenJDK Runtime Environment Temurin-22.0.2+9 (22.0.2+9) (build 22.0.2+9)
# Java VM: OpenJDK 64-Bit Server VM Temurin-22.0.2+9 (22.0.2+9, mixed mode, tiered, compressed oops, compressed class ptrs, g1 gc, windows-amd64)
GC Precious Log:
 CardTable entry size: 512
 Card Set container configuration: InlinePtr #cards 4 size 8 Array Of Cards #cards 16 size 48 Howl #buckets 8 coarsen threshold 3686 Howl Bitmap #cards 512 size 80 coarsen threshold 460 Card regions per heap region 1 cards per card region 4096
 CPUs: 12 total, 12 available
 Memory: 15754M
 Large Page Support: Disabled
 NUMA Support: Disabled
 Compressed Oops: Enabled (Zero based)
 Heap Region Size: 2M
 Heap Min Capacity: 8M
 Heap Initial Capacity: 248M
 Heap Max Capacity: 3940M
 Pre-touch: Disabled
 Parallel Workers: 10
 Concurrent Workers: 3
 Concurrent Refinement Workers: 10
 Periodic GC: Disabled
Heap:
 garbage-first heap   total reserved 4034560K, committed 102400K, used 40344K [0x0000000709c00000, 0x0000000800000000)
  region size 2048K, 6 young (12288K), 1 survivors (2048K)
 Metaspace       used 61645K, committed 62848K, reserved 1114112K
  class space    used 7174K, committed 7744K, reserved 1048576K
GC Heap History (20 events):
Event: 149.485 GC heap before
{Heap before GC invocations=26 (full 0):
 garbage-first heap   total reserved 4034560K, committed 83968K, used 73647K [0x0000000709c00000, 0x0000000800000000)
  region size 2048K, 21 young (43008K), 1 survivors (2048K)
 Metaspace       used 61410K, committed 62528K, reserved 1114112K
  class space    used 7169K, committed 7680K, reserved 1048576K
}
Event: 149.487 GC heap after
{Heap after GC invocations=27 (full 0):
 garbage-first heap   total reserved 4034560K, committed 102400K, used 32811K [0x0000000709c00000, 0x0000000800000000)
  region size 2048K, 1 young (2048K), 1 survivors (2048K)
 Metaspace       used 61410K, committed 62528K, reserved 1114112K
  class space    used 7169K, committed 7680K, reserved 1048576K
}
Event: 194.503 GC heap before
{Heap before GC invocations=27 (full 0):
 garbage-first heap   total reserved 4034560K, committed 102400K, used 92203K [0x0000000709c00000, 0x0000000800000000)
  region size 2048K, 30 young (61440K), 1 survivors (2048K)
 Metaspace       used 61411K, committed 62528K, reserved 1114112K
  class space    used 7169K, committed 7680K, reserved 1048576K
}
Event: 194.506 GC heap after
{Heap after GC invocations=28 (full 0):
 garbage-first heap   total reserved 4034560K, committed 102400K, used 32472K [0x0000000709c00000, 0x0000000800000000)
  region size 2048K, 1 young (2048K), 1 survivors (2048K)
 Metaspace       used 61411K, committed 62528K, reserved 1114112K
  class space    used 7169K, committed 7680K, reserved 1048576K
}
Event: 239.949 GC heap before
{Heap before GC invocations=28 (full 0):
 garbage-first heap   total reserved 4034560K, committed 102400K, used 91864K [0x0000000709c00000, 0x0000000800000000)
  region size 2048K, 30 young (61440K), 1 survivors (2048K)
 Metaspace       used 61422K, committed 62528K, reserved 1114112K
  class space    used 7169K, committed 7680K, reserved 1048576K
}
Event: 239.950 GC heap after
{Heap after GC invocations=29 (full 0):
 garbage-first heap   total reserved 4034560K, committed 102400K, used 32163K [0x0000000709c00000, 0x0000000800000000)
  region size 2048K, 1 young (2048K), 1 survivors (2048K)
 Metaspace       used 61422K, committed 62528K, reserved 1114112K
  class space    used 7169K, committed 7680K, reserved 1048576K
}
Event: 284.753 GC heap before
{Heap before GC invocations=30 (full 0):
 garbage-first heap   total reserved 4034560K, committed 102400K, used 91555K [0x0000000709c00000, 0x0000000800000000)
  region size 2048K, 30 young (61440K), 1 survivors (2048K)
 Metaspace       used 61428K, committed 62528K, reserved 1114112K
  class space    used 7169K, committed 7680K, reserved 1048576K
}
Event: 284.754 GC heap after
{Heap after GC invocations=31 (full 0):
 garbage-first heap   total reserved 4034560K, committed 102400K, used 32371K [0x0000000709c00000, 0x0000000800000000)
  region size 2048K, 1 young (2048K), 1 survivors (2048K)
 Metaspace       used 61428K, committed 62528K, reserved 1114112K
  class space    used 7169K, committed 7680K, reserved 1048576K
}
Event: 329.917 GC heap before
{Heap before GC invocations=31 (full 0):
 garbage-first heap   total reserved 4034560K, committed 102400K, used 91763K [0x0000000709c00000, 0x0000000800000000)
  region size 2048K, 30 young (61440K), 1 survivors (2048K)
 Metaspace       used 61441K, committed 62592K, reserved 1114112K
  class space    used 7169K, committed 7680K, reserved 1048576K
}
Event: 329.919 GC heap after
{Heap after GC invocations=32 (full 0):
 garbage-first heap   total reserved 4034560K, committed 102400K, used 32103K [0x0000000709c00000, 0x0000000800000000)
  region size 2048K, 1 young (2048K), 1 survivors (2048K)
 Metaspace       used 61441K, committed 62592K, reserved 1114112K
  class space    used 7169K, committed 7680K, reserved 1048576K
}
Event: 375.185 GC heap before
{Heap before GC invocations=32 (full 0):
 garbage-first heap   total reserved 4034560K, committed 102400K, used 91495K [0x0000000709c00000, 0x0000000800000000)
  region size 2048K, 30 young (61440K), 1 survivors (2048K)
 Metaspace       used 61441K, committed 62592K, reserved 1114112K
  class space    used 7169K, committed 7680K, reserved 1048576K
}
Event: 375.186 GC heap after
{Heap after GC invocations=33 (full 0):
 garbage-first heap   total reserved 4034560K, committed 102400K, used 31963K [0x0000000709c00000, 0x0000000800000000)
  region size 2048K, 1 young (2048K), 1 survivors (2048K)
 Metaspace       used 61441K, committed 62592K, reserved 1114112K
  class space    used 7169K, committed 7680K, reserved 1048576K
}
Event: 418.600 GC heap before
{Heap before GC invocations=34 (full 0):
 garbage-first heap   total reserved 4034560K, committed 102400K, used 91355K [0x0000000709c00000, 0x0000000800000000)
  region size 2048K, 30 young (61440K), 1 survivors (2048K)
 Metaspace       used 61455K, committed 62592K, reserved 1114112K
  class space    used 7172K, committed 7680K, reserved 1048576K
}
Event: 418.601 GC heap after
{Heap after GC invocations=35 (full 0):
 garbage-first heap   total reserved 4034560K, committed 102400K, used 32215K [0x0000000709c00000, 0x0000000800000000)
  region size 2048K, 1 young (2048K), 1 survivors (2048K)
 Metaspace       used 61455K, committed 62592K, reserved 1114112K
  class space    used 7172K, committed 7680K, reserved 1048576K
}
Event: 463.546 GC heap before
{Heap before GC invocations=35 (full 0):
 garbage-first heap   total reserved 4034560K, committed 102400K, used 91607K [0x0000000709c00000, 0x0000000800000000)
  region size 2048K, 30 young (61440K), 1 survivors (2048K)
 Metaspace       used 61455K, committed 62592K, reserved 1114112K
  class space    used 7172K, committed 7680K, reserved 1048576K
}
Event: 463.547 GC heap after
{Heap after GC invocations=36 (full 0):
 garbage-first heap   total reserved 4034560K, committed 102400K, used 32185K [0x0000000709c00000, 0x0000000800000000)
  region size 2048K, 1 young (2048K), 1 survivors (2048K)
 Metaspace       used 61455K, committed 62592K, reserved 1114112K
  class space    used 7172K, committed 7680K, reserved 1048576K
}
Event: 503.997 GC heap before
{Heap before GC invocations=36 (full 0):
 garbage-first heap   total reserved 4034560K, committed 102400K, used 91577K [0x0000000709c00000, 0x0000000800000000)
  region size 2048K, 30 young (61440K), 1 survivors (2048K)
 Metaspace       used 61635K, committed 62848K, reserved 1114112K
  class space    used 7173K, committed 7744K, reserved 1048576K
}
Event: 503.999 GC heap after
{Heap after GC invocations=37 (full 0):
 garbage-first heap   total reserved 4034560K, committed 102400K, used 31993K [0x0000000709c00000, 0x0000000800000000)
  region size 2048K, 1 young (2048K), 1 survivors (2048K)
 Metaspace       used 61635K, committed 62848K, reserved 1114112K
  class space    used 7173K, committed 7744K, reserved 1048576K
}
Event: 548.586 GC heap before
{Heap before GC invocations=38 (full 0):
 garbage-first heap   total reserved 4034560K, committed 102400K, used 91385K [0x0000000709c00000, 0x0000000800000000)
  region size 2048K, 30 young (61440K), 1 survivors (2048K)
 Metaspace       used 61636K, committed 62848K, reserved 1114112K
  class space    used 7173K, committed 7744K, reserved 1048576K
}
Event: 548.588 GC heap after
{Heap after GC invocations=39 (full 0):
 garbage-first heap   total reserved 4034560K, committed 102400K, used 32152K [0x0000000709c00000, 0x0000000800000000)
  region size 2048K, 1 young (2048K), 1 survivors (2048K)
 Metaspace       used 61636K, committed 62848K, reserved 1114112K
  class space    used 7173K, committed 7744K, reserved 1048576K
}

